<?xml version="1.0" encoding="UTF-8"?>
<testsuite xmlns:xsi="http://www.w3.org/2001/XMLSchema-instance" xsi:noNamespaceSchemaLocation="https://maven.apache.org/surefire/maven-surefire-plugin/xsd/surefire-test-report.xsd" version="3.0.2" name="com.mphasis.training.runner.RunCucumberTest" time="9.937" tests="1" errors="0" skipped="0" failures="0">
  <properties>
[...]
</properties>
  <testcase name="runScenario[&quot;Successful login should show secure area message&quot;, &quot;Login using DI + Context (PicoContainer)&quot;](1)" classname="com.mphasis.training.runner.RunCucumberTest" time="8.612">
    <system-out><![CDATA[
Scenario: Successful login should show secure area message # src/test/resources/features/login.feature:5
  ✔ Given I am on the Internet login page                  # com.mphasis.training.steps.LoginSteps.i_am_on_the_internet_login_page()
  ✔ When I login with valid credentials                    # com.mphasis.training.steps.LoginSteps.i_login_with_valid_credentials()
  ✔ Then I should see the secure area success message      # com.mphasis.training.steps.SecureAreaSteps.i_should_see_the_secure_area_success_message()
]]></system-out>
    <system-err><![CDATA[SLF4J: Failed to load class "org.slf4j.impl.StaticLoggerBinder".
SLF4J: Defaulting to no-operation (NOP) logger implementation
SLF4J: See http://www.slf4j.org/codes.html#StaticLoggerBinder for further details.
]]></system-err>
  </testcase>
</testsuite>