<?xml version="1.0" encoding="UTF-8"?>
<testng-results ignored="0" total="1" passed="1" failed="0" skipped="0">
  <reporter-output>
  </reporter-output>
  <suite started-at="2026-01-30T10:03:35 IST" name="Surefire suite" finished-at="2026-01-30T10:03:44 IST" duration-ms="9520">
    <groups>
      <group name="cucumber">
        <method signature="AbstractTestNGCucumberTests.runScenario(io.cucumber.testng.PickleWrapper,io.cucumber.testng.FeatureWrapper)[pri:0, instance:com.mphasis.training.runner.RunCucumberTest@4b0b0854]" name="runScenario" class="io.cucumber.testng.AbstractTestNGCucumberTests"/>
      </group> <!-- cucumber -->
    </groups>
    <test started-at="2026-01-30T10:03:35 IST" name="Surefire test" finished-at="2026-01-30T10:03:44 IST" duration-ms="9520">
      <class name="com.mphasis.training.runner.RunCucumberTest">
        <test-method is-config="true" signature="setUpClass(org.testng.ITestContext)[pri:0, instance:com.mphasis.training.runner.RunCucumberTest@4b0b0854]" started-at="2026-01-30T10:03:35 IST" name="setUpClass" finished-at="2026-01-30T10:03:36 IST" duration-ms="755" status="PASS">
          <params>
            <param index="0">
              <value>
                <![CDATA[org.testng.TestRunner@299270eb]]>
              </value>
            </param>
          </params>
          <reporter-output>
          </reporter-output>
        </test-method> <!-- setUpClass -->
        <test-method signature="runScenario(io.cucumber.testng.PickleWrapper,io.cucumber.testng.FeatureWrapper)[pri:0, instance:com.mphasis.training.runner.RunCucumberTest@4b0b0854]" started-at="2026-01-30T10:03:36 IST" name="runScenario" description="Runs Cucumber Scenarios" data-provider="scenarios" finished-at="2026-01-30T10:03:44 IST" duration-ms="8611" status="PASS">
          <params>
            <param index="0">
              <value>
                <![CDATA["Successful login should show secure area message"]]>
              </value>
            </param>
            <param index="1">
              <value>
                <![CDATA["Login using DI + Context (PicoContainer)"]]>
              </value>
            </param>
          </params>
          <reporter-output>
          </reporter-output>
        </test-method> <!-- runScenario -->
        <test-method is-config="true" signature="tearDownClass()[pri:0, instance:com.mphasis.training.runner.RunCucumberTest@4b0b0854]" started-at="2026-01-30T10:03:44 IST" name="tearDownClass" finished-at="2026-01-30T10:03:44 IST" duration-ms="71" status="PASS">
          <reporter-output>
          </reporter-output>
        </test-method> <!-- tearDownClass -->
      </class> <!-- com.mphasis.training.runner.RunCucumberTest -->
    </test> <!-- Surefire test -->
  </suite> <!-- Surefire suite -->
</testng-results>
