<?xml version="1.0" encoding="UTF-8"?>
<testng-results ignored="0" total="1" passed="1" failed="0" skipped="0">
  <reporter-output>
  </reporter-output>
  <suite started-at="2026-01-27T10:04:18 IST" name="Default suite" finished-at="2026-01-27T10:04:30 IST" duration-ms="11755">
    <groups>
      <group name="cucumber">
        <method signature="AbstractTestNGCucumberTests.runScenario(io.cucumber.testng.PickleWrapper,io.cucumber.testng.FeatureWrapper)[pri:0, instance:com.mphasis.training.runner.RunCucumberTest@74e52ef6]" name="runScenario" class="io.cucumber.testng.AbstractTestNGCucumberTests"/>
      </group> <!-- cucumber -->
    </groups>
    <test started-at="2026-01-27T10:04:18 IST" name="Default test" finished-at="2026-01-27T10:04:30 IST" duration-ms="11755">
      <class name="com.mphasis.training.runner.RunCucumberTest">
        <test-method is-config="true" signature="setUpClass(org.testng.ITestContext)[pri:0, instance:com.mphasis.training.runner.RunCucumberTest@74e52ef6]" started-at="2026-01-27T10:04:18 IST" name="setUpClass" finished-at="2026-01-27T10:04:19 IST" duration-ms="482" status="PASS">
          <params>
            <param index="0">
              <value>
                <![CDATA[org.testng.TestRunner@201aa8c1]]>
              </value>
            </param>
          </params>
          <reporter-output>
          </reporter-output>
        </test-method> <!-- setUpClass -->
        <test-method signature="runScenario(io.cucumber.testng.PickleWrapper,io.cucumber.testng.FeatureWrapper)[pri:0, instance:com.mphasis.training.runner.RunCucumberTest@74e52ef6]" started-at="2026-01-27T10:04:19 IST" name="runScenario" description="Runs Cucumber Scenarios" data-provider="scenarios" finished-at="2026-01-27T10:04:30 IST" duration-ms="11188" status="PASS">
          <params>
            <param index="0">
              <value>
                <![CDATA["Successful login should show secure area message"]]>
              </value>
            </param>
            <param index="1">
              <value>
                <![CDATA["Login using DI + Context (PicoContainer)"]]>
              </value>
            </param>
          </params>
          <reporter-output>
          </reporter-output>
        </test-method> <!-- runScenario -->
        <test-method is-config="true" signature="tearDownClass()[pri:0, instance:com.mphasis.training.runner.RunCucumberTest@74e52ef6]" started-at="2026-01-27T10:04:30 IST" name="tearDownClass" finished-at="2026-01-27T10:04:30 IST" duration-ms="8" status="PASS">
          <reporter-output>
          </reporter-output>
        </test-method> <!-- tearDownClass -->
      </class> <!-- com.mphasis.training.runner.RunCucumberTest -->
    </test> <!-- Default test -->
  </suite> <!-- Default suite -->
</testng-results>
